#
# A fatal error has been detected by the Java Runtime Environment:
#
#  SIGSEGV (0xb) at pc=0x0000000102dddd51, pid=5490, tid=0x0000000000012f07
#
# JRE version: Java(TM) SE Runtime Environment (8.0_111-b14) (build 1.8.0_111-b14)
# Java VM: Java HotSpot(TM) 64-Bit Server VM (25.111-b14 mixed mode bsd-amd64 compressed oops)
# Problematic frame:
# j  com.apple.laf.ScreenPopupFactory._getHeavyWeightPopup(Ljava/awt/Component;Ljava/awt/Component;II)Ljavax/swing/Popup;+0
#
# Failed to write core dump. Core dumps have been disabled. To enable core dumping, try "ulimit -c unlimited" before starting Java again
#
# If you would like to submit a bug report, please visit:
#   http://bugreport.java.com/bugreport/crash.jsp
#

---------------  T H R E A D  ---------------

Current thread (0x00007ff3481c5000):  JavaThread "AWT-EventQueue-0" [_thread_in_Java, id=77575, stack(0x000070000872d000,0x000070000882d000)]

siginfo: si_signo: 11 (SIGSEGV), si_code: 1 (SEGV_MAPERR), si_addr: 0x0000000000012f07

Registers:
RAX=0x0000000000012f07, RBX=0x000000011e1ba920, RCX=0x00007ff347c99038, RDX=0x00000000000f6760
RSP=0x0000700008829f80, RBP=0x0000700008829ff8, RSI=0x0000000100d5fa00, RDI=0x00007ff347c99038
R8 =0x0000000000000006, R9 =0x0000000000000000, R10=0x0000000000000000, R11=0x0000000102dd447b
R12=0x0000000000000000, R13=0x000000011e1ba920, R14=0x000070000882a038, R15=0x00007ff3481c5000
RIP=0x0000000102dddd51, EFLAGS=0x0000000000010202, ERR=0x0000000000000004
  TRAPNO=0x000000000000000e

Top of Stack: (sp=0x0000700008829f80)
0x0000700008829f80:   0000000000000000 0000000102dddc84
0x0000700008829f90:   000000011e1ba920 000070000882a038
0x0000700008829fa0:   0000700008829ff8 0000000102ddd747
0x0000700008829fb0:   0000000102ddd702 0000700008829fb8
0x0000700008829fc0:   000000011e1ba920 000070000882a038
0x0000700008829fd0:   000000011e1bc228 0000000000000000
0x0000700008829fe0:   000000011e1ba920 0000000000000000
0x0000700008829ff0:   000070000882a018 000070000882a080
0x000070000882a000:   0000000102dc60c0 0000000000000000
0x000070000882a010:   0000000102dd447b 000000000000031d
0x000070000882a020:   000000000000048b 00000007a370d928
0x000070000882a030:   00000007402f85f0 000000074021ca90
0x000070000882a040:   000070000882a040 000000011e1ba9d3
0x000070000882a050:   000070000882a0c8 000000011e1bc228
0x000070000882a060:   0000000000000000 000000011e1baa80
0x000070000882a070:   000070000882a018 000070000882a0a8
0x000070000882a080:   000070000882a110 0000000102dc60c0
0x000070000882a090:   0000000000000000 0000000000000000
0x000070000882a0a0:   0000000000000000 000000000000031d
0x000070000882a0b0:   000000000000048b 00000007a370d928
0x000070000882a0c0:   00000007402f85f0 000000074021ca90
0x000070000882a0d0:   000070000882a0d0 000000011fef2ba6
0x000070000882a0e0:   000070000882a140 000000011fef2ca8
0x000070000882a0f0:   0000000000000000 000000011fef2bb0
0x000070000882a100:   000070000882a0a8 000070000882a128
0x000070000882a110:   000070000882a188 0000000102dc60c0
0x000070000882a120:   000000074021ca90 000000000000031d
0x000070000882a130:   000000000000048b 00000007a370d928
0x000070000882a140:   00000007a370db18 000070000882a148
0x000070000882a150:   000000011feec797 000070000882a1b8
0x000070000882a160:   000000011feee2e0 0000000000000000
0x000070000882a170:   000000011feec7c0 000070000882a128 

Instructions: (pc=0x0000000102dddd51)
0x0000000102dddd31:   02 01 00 00 00 4c 3b 5d 18 0f 85 20 00 00 00 48
0x0000000102dddd41:   8b 04 24 48 83 c4 10 48 85 c0 0f 84 03 00 00 00
0x0000000102dddd51:   48 8b 00 48 89 45 10 48 83 ec 10 48 89 04 24 41
0x0000000102dddd61:   81 bf 9c 02 00 00 01 00 00 00 0f 85 bd 00 00 00 

Register to memory mapping:

RAX=0x0000000000012f07 is an unknown value
RBX={method} {0x000000011e1ba920} '_getHeavyWeightPopup' '(Ljava/awt/Component;Ljava/awt/Component;II)Ljavax/swing/Popup;' in 'com/apple/laf/ScreenPopupFactory'
RCX=0x00007ff347c99038 is an unknown value
RDX=0x00000000000f6760 is an unknown value
RSP=0x0000700008829f80 is pointing into the stack for thread: 0x00007ff3481c5000
RBP=0x0000700008829ff8 is pointing into the stack for thread: 0x00007ff3481c5000
RSI=0x0000000100d5fa00 is an unknown value
RDI=0x00007ff347c99038 is an unknown value
R8 =0x0000000000000006 is an unknown value
R9 =0x0000000000000000 is an unknown value
R10=0x0000000000000000 is an unknown value
R11=0x0000000102dd447b is at code_begin+27 in an Interpreter codelet
result handlers for native calls  [0x0000000102dd4460, 0x0000000102dd4480]  32 bytes
R12=0x0000000000000000 is an unknown value
R13={method} {0x000000011e1ba920} '_getHeavyWeightPopup' '(Ljava/awt/Component;Ljava/awt/Component;II)Ljavax/swing/Popup;' in 'com/apple/laf/ScreenPopupFactory'
R14=0x000070000882a038 is pointing into the stack for thread: 0x00007ff3481c5000
R15=0x00007ff3481c5000 is a thread


Stack: [0x000070000872d000,0x000070000882d000],  sp=0x0000700008829f80,  free space=1011k
Native frames: (J=compiled Java code, j=interpreted, Vv=VM code, C=native code)
j  com.apple.laf.ScreenPopupFactory._getHeavyWeightPopup(Ljava/awt/Component;Ljava/awt/Component;II)Ljavax/swing/Popup;+0
j  com.apple.laf.ScreenPopupFactory.getPopup(Ljava/awt/Component;Ljava/awt/Component;II)Ljavax/swing/Popup;+27
j  javax.swing.plaf.PopupMenuUI.getPopup(Ljavax/swing/JPopupMenu;II)Ljavax/swing/Popup;+14
j  javax.swing.JPopupMenu.showPopup()V+79
j  javax.swing.JPopupMenu.setVisible(Z)V+91
j  javax.swing.JPopupMenu.show(Ljava/awt/Component;II)V+152
j  greenfoot.gui.ExecutionTwirler.createPopup()V+55
j  greenfoot.gui.ExecutionTwirler.lambda$new$1(Ljava/awt/event/ActionEvent;)V+1
j  greenfoot.gui.ExecutionTwirler$$Lambda$72.actionPerformed(Ljava/awt/event/ActionEvent;)V+5
j  javax.swing.AbstractButton.fireActionPerformed(Ljava/awt/event/ActionEvent;)V+83
j  javax.swing.AbstractButton$Handler.actionPerformed(Ljava/awt/event/ActionEvent;)V+5
j  javax.swing.DefaultButtonModel.fireActionPerformed(Ljava/awt/event/ActionEvent;)V+34
j  javax.swing.DefaultButtonModel.setPressed(Z)V+117
j  javax.swing.plaf.basic.BasicButtonListener.mouseReleased(Ljava/awt/event/MouseEvent;)V+35
j  java.awt.Component.processMouseEvent(Ljava/awt/event/MouseEvent;)V+64
j  javax.swing.JComponent.processMouseEvent(Ljava/awt/event/MouseEvent;)V+23
J 1949 C1 java.awt.Component.processEvent(Ljava/awt/AWTEvent;)V (220 bytes) @ 0x0000000103437bb4 [0x0000000103437680+0x534]
J 1947 C1 java.awt.Container.processEvent(Ljava/awt/AWTEvent;)V (22 bytes) @ 0x00000001034367ac [0x0000000103436460+0x34c]
J 1948 C1 java.awt.Component.dispatchEventImpl(Ljava/awt/AWTEvent;)V (883 bytes) @ 0x000000010342f314 [0x0000000103429d80+0x5594]
J 1361 C1 java.awt.Container.dispatchEventImpl(Ljava/awt/AWTEvent;)V (129 bytes) @ 0x000000010326a1ac [0x000000010326a060+0x14c]
J 1375 C1 java.awt.Component.dispatchEvent(Ljava/awt/AWTEvent;)V (6 bytes) @ 0x000000010326ef54 [0x000000010326ee40+0x114]
j  java.awt.LightweightDispatcher.retargetMouseEvent(Ljava/awt/Component;ILjava/awt/event/MouseEvent;)V+327
j  java.awt.LightweightDispatcher.processMouseEvent(Ljava/awt/event/MouseEvent;)Z+155
J 3382 C1 java.awt.LightweightDispatcher.dispatchEvent(Ljava/awt/AWTEvent;)Z (73 bytes) @ 0x0000000103866d2c [0x0000000103866900+0x42c]
J 1361 C1 java.awt.Container.dispatchEventImpl(Ljava/awt/AWTEvent;)V (129 bytes) @ 0x000000010326a14c [0x000000010326a060+0xec]
J 3356 C1 java.awt.Window.dispatchEventImpl(Ljava/awt/AWTEvent;)V (23 bytes) @ 0x0000000103848314 [0x0000000103847d20+0x5f4]
J 1968 C1 java.awt.EventQueue.dispatchEventImpl(Ljava/awt/AWTEvent;Ljava/lang/Object;)V (149 bytes) @ 0x0000000103452fe4 [0x0000000103451680+0x1964]
J 1966 C1 java.awt.EventQueue$3.run()Ljava/lang/Void; (60 bytes) @ 0x0000000103450a6c [0x0000000103450840+0x22c]
J 1965 C1 java.awt.EventQueue$3.run()Ljava/lang/Object; (5 bytes) @ 0x00000001034504d4 [0x0000000103450440+0x94]
v  ~StubRoutines::call_stub
V  [libjvm.dylib+0x2ecf8a]
V  [libjvm.dylib+0x34d6c8]
J 1536  java.security.AccessController.doPrivileged(Ljava/security/PrivilegedAction;Ljava/security/AccessControlContext;)Ljava/lang/Object; (0 bytes) @ 0x00000001032c7fd5 [0x00000001032c7f00+0xd5]
J 1537 C1 java.awt.EventQueue$4.run()Ljava/lang/Object; (5 bytes) @ 0x00000001032cffe4 [0x00000001032cfba0+0x444]
v  ~StubRoutines::call_stub
V  [libjvm.dylib+0x2ecf8a]
V  [libjvm.dylib+0x34d6c8]
J 1536  java.security.AccessController.doPrivileged(Ljava/security/PrivilegedAction;Ljava/security/AccessControlContext;)Ljava/lang/Object; (0 bytes) @ 0x00000001032c7fd5 [0x00000001032c7f00+0xd5]
J 1973 C1 java.awt.EventQueue.dispatchEvent(Ljava/awt/AWTEvent;)V (80 bytes) @ 0x000000010345633c [0x0000000103455480+0xebc]
J 1503 C1 java.awt.EventDispatchThread.pumpOneEventForFilters(I)V (295 bytes) @ 0x00000001032b4954 [0x00000001032b2d20+0x1c34]
j  java.awt.EventDispatchThread.pumpEventsForFilter(ILjava/awt/Conditional;Ljava/awt/EventFilter;)V+35
j  java.awt.EventDispatchThread.pumpEventsForHierarchy(ILjava/awt/Conditional;Ljava/awt/Component;)V+11
j  java.awt.EventDispatchThread.pumpEvents(ILjava/awt/Conditional;)V+4
j  java.awt.EventDispatchThread.pumpEvents(Ljava/awt/Conditional;)V+3
j  java.awt.EventDispatchThread.run()V+9
v  ~StubRoutines::call_stub
V  [libjvm.dylib+0x2ecf8a]
V  [libjvm.dylib+0x2ed718]
V  [libjvm.dylib+0x2ed8c4]
V  [libjvm.dylib+0x348039]
V  [libjvm.dylib+0x56a27b]
V  [libjvm.dylib+0x56b968]
V  [libjvm.dylib+0x489b0a]
C  [libsystem_pthread.dylib+0x36c1]  _pthread_body+0x154
C  [libsystem_pthread.dylib+0x356d]  _pthread_body+0x0
C  [libsystem_pthread.dylib+0x2c5d]  thread_start+0xd
C  0x0000000000000000


---------------  P R O C E S S  ---------------

Java Threads: ( => current thread )
  0x00007ff34ec80000 JavaThread "RMI TCP Connection(7)-127.0.0.1" daemon [_thread_in_native, id=36643, stack(0x00007000089b6000,0x0000700008ab6000)]
  0x00007ff347e40000 JavaThread "RMI TCP Connection(6)-127.0.0.1" daemon [_thread_blocked, id=3607, stack(0x00007000066c4000,0x00007000067c4000)]
  0x00007ff3492ff000 JavaThread "Java Sound Event Dispatcher" daemon [_thread_blocked, id=129835, stack(0x0000700008dc5000,0x0000700008ec5000)]
  0x00007ff347c2b000 JavaThread "main" [_thread_blocked, id=79627, stack(0x000070000821e000,0x000070000831e000)]
  0x00007ff347d25800 JavaThread "SimulationThread" [_thread_blocked, id=74755, stack(0x0000700008ab9000,0x0000700008bb9000)]
  0x00007ff347d03000 JavaThread "Thread-6" daemon [_thread_blocked, id=75523, stack(0x0000700008933000,0x00007000089b3000)]
  0x00007ff347cb8000 JavaThread "Thread-5" daemon [_thread_blocked, id=76803, stack(0x0000700008830000,0x0000700008930000)]
  0x00007ff347c89000 JavaThread "QuantumRenderer-0" daemon [_thread_blocked, id=79879, stack(0x000070000811b000,0x000070000821b000)]
=>0x00007ff3481c5000 JavaThread "AWT-EventQueue-0" [_thread_in_Java, id=77575, stack(0x000070000872d000,0x000070000882d000)]
  0x00007ff3491cb000 JavaThread "RMI TCP Connection(5)-127.0.0.1" daemon [_thread_in_native, id=56323, stack(0x000070000862a000,0x000070000872a000)]
  0x00007ff3491ae800 JavaThread "RMI Reaper" [_thread_blocked, id=55811, stack(0x0000700008527000,0x0000700008627000)]
  0x00007ff3491c2000 JavaThread "RMI TCP Accept-0" daemon [_thread_in_native, id=55555, stack(0x0000700008424000,0x0000700008524000)]
  0x00007ff34815a000 JavaThread "Java2D Disposer" daemon [_thread_blocked, id=78351, stack(0x0000700008321000,0x0000700008421000)]
  0x00007ff347c33000 JavaThread "Java2D Queue Flusher" daemon [_thread_blocked, id=53511, stack(0x0000700007e12000,0x0000700007f12000)]
  0x00007ff3488a3800 JavaThread "GC Daemon" daemon [_thread_blocked, id=52235, stack(0x0000700008018000,0x0000700008118000)]
  0x00007ff348185800 JavaThread "RMI RenewClean-[127.0.0.1:60432]" daemon [_thread_blocked, id=80647, stack(0x0000700007f15000,0x0000700008015000)]
  0x00007ff3488a3000 JavaThread "RMI Scheduler(0)" daemon [_thread_blocked, id=46603, stack(0x0000700007c0c000,0x0000700007d0c000)]
  0x00007ff34889f800 JavaThread "DestroyJavaVM" [_thread_blocked, id=9987, stack(0x00007000067ca000,0x00007000068ca000)]
  0x00007ff349182800 JavaThread "BlueJ worker thread" [_thread_blocked, id=51203, stack(0x0000700007d0f000,0x0000700007e0f000)]
  0x00007ff348136800 JavaThread "AWT-Shutdown" [_thread_blocked, id=39211, stack(0x0000700007980000,0x0000700007a80000)]
  0x00007ff3478ba800 JavaThread "JavaFX Application Thread" daemon [_thread_in_native, id=775, stack(0x00007ffeee6c0000,0x00007ffeeeec0000)]
  0x00007ff347801800 JavaThread "Service Thread" daemon [_thread_blocked, id=14339, stack(0x000070000777a000,0x000070000787a000)]
  0x00007ff34880a800 JavaThread "C1 CompilerThread2" daemon [_thread_in_vm, id=16387, stack(0x0000700007677000,0x0000700007777000)]
  0x00007ff347803800 JavaThread "C2 CompilerThread1" daemon [_thread_blocked, id=14083, stack(0x0000700007574000,0x0000700007674000)]
  0x00007ff349000000 JavaThread "C2 CompilerThread0" daemon [_thread_blocked, id=16899, stack(0x0000700007471000,0x0000700007571000)]
  0x00007ff34805a800 JavaThread "JDWP Command Reader" daemon [_thread_in_native, id=17411, stack(0x000070000736e000,0x000070000746e000)]
  0x00007ff348047800 JavaThread "JDWP Event Helper Thread" daemon [_thread_blocked, id=17667, stack(0x000070000726b000,0x000070000736b000)]
  0x00007ff348047000 JavaThread "JDWP Transport Listener: dt_socket" daemon [_thread_blocked, id=17927, stack(0x0000700007168000,0x0000700007268000)]
  0x00007ff34801c800 JavaThread "Signal Dispatcher" daemon [_thread_blocked, id=13067, stack(0x0000700007065000,0x0000700007165000)]
  0x00007ff348814800 JavaThread "Finalizer" daemon [_thread_blocked, id=11523, stack(0x0000700006edf000,0x0000700006fdf000)]
  0x00007ff34800e800 JavaThread "Reference Handler" daemon [_thread_blocked, id=20739, stack(0x0000700006ddc000,0x0000700006edc000)]

Other Threads:
  0x00007ff34784b800 VMThread [stack: 0x0000700006cd9000,0x0000700006dd9000] [id=20995]
  0x00007ff347852000 WatcherThread [stack: 0x000070000787d000,0x000070000797d000] [id=14851]

VM state:synchronizing (normal execution)

VM Mutex/Monitor currently owned by a thread:  ([mutex/lock_event])
[0x00007ff3475081a0] Safepoint_lock - owner thread: 0x00007ff34784b800
[0x00007ff347508220] Threads_lock - owner thread: 0x00007ff34784b800

Heap:
 PSYoungGen      total 465920K, used 231650K [0x0000000795580000, 0x00000007c0000000, 0x00000007c0000000)
  eden space 232960K, 99% used [0x0000000795580000,0x00000007a37b8910,0x00000007a3900000)
  from space 232960K, 0% used [0x00000007b1c80000,0x00000007b1c80000,0x00000007c0000000)
  to   space 232960K, 0% used [0x00000007a3900000,0x00000007a3900000,0x00000007b1c80000)
 ParOldGen       total 1398272K, used 1398009K [0x0000000740000000, 0x0000000795580000, 0x0000000795580000)
  object space 1398272K, 99% used [0x0000000740000000,0x000000079553e510,0x0000000795580000)
 Metaspace       used 21893K, capacity 22538K, committed 23168K, reserved 1069056K
  class space    used 2698K, capacity 2914K, committed 3200K, reserved 1048576K

Card table byte_map: [0x0000000111dbe000,0x00000001121bf000] byte_map_base: 0x000000010e3be000

Marking Bits: (ParMarkBitMap*) 0x000000010270cd20
 Begin Bits: [0x00000001121bf000, 0x00000001141bf000)
 End Bits:   [0x00000001141bf000, 0x00000001161bf000)

Polling page: 0x0000000100dbc000

CodeCache: size=245760Kb used=11510Kb max_used=11524Kb free=234249Kb
 bounds [0x0000000102dbe000, 0x000000010390e000, 0x0000000111dbe000]
 total_blobs=3899 nmethods=3253 adapters=565
 compilation: enabled

Compilation events (10 events):
Event: 195.931 Thread 0x00007ff34880a800 3574       3       java.awt.Component::isFocusTraversable (17 bytes)
Event: 195.931 Thread 0x00007ff34880a800 nmethod 3574 0x00000001038ff590 code [0x00000001038ff700, 0x00000001038ff890]
Event: 195.931 Thread 0x00007ff34880a800 3576  s    1       java.util.Hashtable::size (5 bytes)
Event: 195.931 Thread 0x00007ff34880a800 nmethod 3576 0x00000001038ff910 code [0x00000001038ffa60, 0x00000001038ffcd0]
Event: 195.938 Thread 0x00007ff347803800 nmethod 3569 0x0000000103903710 code [0x0000000103903900, 0x0000000103904698]
Event: 195.940 Thread 0x00007ff34880a800 3577   !   3       javax.swing.RepaintManager::addDirtyRegion0 (205 bytes)
Event: 196.836 Thread 0x00007ff349000000 3578   !   4       java.lang.ref.Reference::tryHandlePending (115 bytes)
Event: 196.839 Thread 0x00007ff34880a800 nmethod 3577 0x0000000103900cd0 code [0x0000000103900fc0, 0x0000000103902b58]
Event: 196.845 Thread 0x00007ff34880a800 3579       3       java.lang.Class::privateGetDeclaredFields (67 bytes)
Event: 196.846 Thread 0x00007ff34880a800 nmethod 3579 0x00000001038ffd50 code [0x00000001038fff60, 0x0000000103900888]

GC Heap History (10 events):
Event: 192.464 GC heap before
{Heap before GC invocations=76 (full 56):
 PSYoungGen      total 465920K, used 232960K [0x0000000795580000, 0x00000007c0000000, 0x00000007c0000000)
  eden space 232960K, 100% used [0x0000000795580000,0x00000007a3900000,0x00000007a3900000)
  from space 232960K, 0% used [0x00000007b1c80000,0x00000007b1c80000,0x00000007c0000000)
  to   space 232960K, 0% used [0x00000007a3900000,0x00000007a3900000,0x00000007b1c80000)
 ParOldGen       total 1398272K, used 1398065K [0x0000000740000000, 0x0000000795580000, 0x0000000795580000)
  object space 1398272K, 99% used [0x0000000740000000,0x000000079554c530,0x0000000795580000)
 Metaspace       used 21784K, capacity 22478K, committed 23168K, reserved 1069056K
  class space    used 2666K, capacity 2888K, committed 3200K, reserved 1048576K
Event: 193.317 GC heap after
Heap after GC invocations=76 (full 56):
 PSYoungGen      total 465920K, used 229936K [0x0000000795580000, 0x00000007c0000000, 0x00000007c0000000)
  eden space 232960K, 98% used [0x0000000795580000,0x00000007a360c110,0x00000007a3900000)
  from space 232960K, 0% used [0x00000007b1c80000,0x00000007b1c80000,0x00000007c0000000)
  to   space 232960K, 0% used [0x00000007a3900000,0x00000007a3900000,0x00000007b1c80000)
 ParOldGen       total 1398272K, used 1398057K [0x0000000740000000, 0x0000000795580000, 0x0000000795580000)
  object space 1398272K, 99% used [0x0000000740000000,0x000000079554a650,0x0000000795580000)
 Metaspace       used 21784K, capacity 22478K, committed 23168K, reserved 1069056K
  class space    used 2666K, capacity 2888K, committed 3200K, reserved 1048576K
}
Event: 193.338 GC heap before
{Heap before GC invocations=77 (full 57):
 PSYoungGen      total 465920K, used 232960K [0x0000000795580000, 0x00000007c0000000, 0x00000007c0000000)
  eden space 232960K, 100% used [0x0000000795580000,0x00000007a3900000,0x00000007a3900000)
  from space 232960K, 0% used [0x00000007b1c80000,0x00000007b1c80000,0x00000007c0000000)
  to   space 232960K, 0% used [0x00000007a3900000,0x00000007a3900000,0x00000007b1c80000)
 ParOldGen       total 1398272K, used 1398057K [0x0000000740000000, 0x0000000795580000, 0x0000000795580000)
  object space 1398272K, 99% used [0x0000000740000000,0x000000079554a650,0x0000000795580000)
 Metaspace       used 21815K, capacity 22508K, committed 23168K, reserved 1069056K
  class space    used 2670K, capacity 2893K, committed 3200K, reserved 1048576K
Event: 194.269 GC heap after
Heap after GC invocations=77 (full 57):
 PSYoungGen      total 465920K, used 230034K [0x0000000795580000, 0x00000007c0000000, 0x00000007c0000000)
  eden space 232960K, 98% used [0x0000000795580000,0x00000007a3624b38,0x00000007a3900000)
  from space 232960K, 0% used [0x00000007b1c80000,0x00000007b1c80000,0x00000007c0000000)
  to   space 232960K, 0% used [0x00000007a3900000,0x00000007a3900000,0x00000007b1c80000)
 ParOldGen       total 1398272K, used 1398028K [0x0000000740000000, 0x0000000795580000, 0x0000000795580000)
  object space 1398272K, 99% used [0x0000000740000000,0x0000000795543188,0x0000000795580000)
 Metaspace       used 21796K, capacity 22478K, committed 23168K, reserved 1069056K
  class space    used 2667K, capacity 2888K, committed 3200K, reserved 1048576K
}
Event: 194.278 GC heap before
{Heap before GC invocations=78 (full 58):
 PSYoungGen      total 465920K, used 232947K [0x0000000795580000, 0x00000007c0000000, 0x00000007c0000000)
  eden space 232960K, 99% used [0x0000000795580000,0x00000007a38fce38,0x00000007a3900000)
  from space 232960K, 0% used [0x00000007b1c80000,0x00000007b1c80000,0x00000007c0000000)
  to   space 232960K, 0% used [0x00000007a3900000,0x00000007a3900000,0x00000007b1c80000)
 ParOldGen       total 1398272K, used 1398028K [0x0000000740000000, 0x0000000795580000, 0x0000000795580000)
  object space 1398272K, 99% used [0x0000000740000000,0x0000000795543188,0x0000000795580000)
 Metaspace       used 21819K, capacity 22490K, committed 23168K, reserved 1069056K
  class space    used 2671K, capacity 2890K, committed 3200K, reserved 1048576K
Event: 195.004 GC heap after
Heap after GC invocations=78 (full 58):
 PSYoungGen      total 465920K, used 230925K [0x0000000795580000, 0x00000007c0000000, 0x00000007c0000000)
  eden space 232960K, 99% used [0x0000000795580000,0x00000007a37035b8,0x00000007a3900000)
  from space 232960K, 0% used [0x00000007b1c80000,0x00000007b1c80000,0x00000007c0000000)
  to   space 232960K, 0% used [0x00000007a3900000,0x00000007a3900000,0x00000007b1c80000)
 ParOldGen       total 1398272K, used 1398023K [0x0000000740000000, 0x0000000795580000, 0x0000000795580000)
  object space 1398272K, 99% used [0x0000000740000000,0x0000000795541dd0,0x0000000795580000)
 Metaspace       used 21793K, capacity 22448K, committed 23168K, reserved 1069056K
  class space    used 2667K, capacity 2883K, committed 3200K, reserved 1048576K
}
Event: 195.029 GC heap before
{Heap before GC invocations=79 (full 59):
 PSYoungGen      total 465920K, used 232958K [0x0000000795580000, 0x00000007c0000000, 0x00000007c0000000)
  eden space 232960K, 99% used [0x0000000795580000,0x00000007a38ff818,0x00000007a3900000)
  from space 232960K, 0% used [0x00000007b1c80000,0x00000007b1c80000,0x00000007c0000000)
  to   space 232960K, 0% used [0x00000007a3900000,0x00000007a3900000,0x00000007b1c80000)
 ParOldGen       total 1398272K, used 1398023K [0x0000000740000000, 0x0000000795580000, 0x0000000795580000)
  object space 1398272K, 99% used [0x0000000740000000,0x0000000795541dd0,0x0000000795580000)
 Metaspace       used 21801K, capacity 22454K, committed 23168K, reserved 1069056K
  class space    used 2668K, capacity 2884K, committed 3200K, reserved 1048576K
Event: 195.877 GC heap after
Heap after GC invocations=79 (full 59):
 PSYoungGen      total 465920K, used 230944K [0x0000000795580000, 0x00000007c0000000, 0x00000007c0000000)
  eden space 232960K, 99% used [0x0000000795580000,0x00000007a3708230,0x00000007a3900000)
  from space 232960K, 0% used [0x00000007b1c80000,0x00000007b1c80000,0x00000007c0000000)
  to   space 232960K, 0% used [0x00000007a3900000,0x00000007a3900000,0x00000007b1c80000)
 ParOldGen       total 1398272K, used 1398010K [0x0000000740000000, 0x0000000795580000, 0x0000000795580000)
  object space 1398272K, 99% used [0x0000000740000000,0x000000079553e8f8,0x0000000795580000)
 Metaspace       used 21786K, capacity 22430K, committed 23168K, reserved 1069056K
  class space    used 2666K, capacity 2880K, committed 3200K, reserved 1048576K
}
Event: 195.940 GC heap before
{Heap before GC invocations=80 (full 60):
 PSYoungGen      total 465920K, used 232960K [0x0000000795580000, 0x00000007c0000000, 0x00000007c0000000)
  eden space 232960K, 100% used [0x0000000795580000,0x00000007a3900000,0x00000007a3900000)
  from space 232960K, 0% used [0x00000007b1c80000,0x00000007b1c80000,0x00000007c0000000)
  to   space 232960K, 0% used [0x00000007a3900000,0x00000007a3900000,0x00000007b1c80000)
 ParOldGen       total 1398272K, used 1398010K [0x0000000740000000, 0x0000000795580000, 0x0000000795580000)
  object space 1398272K, 99% used [0x0000000740000000,0x000000079553e8f8,0x0000000795580000)
 Metaspace       used 21892K, capacity 22538K, committed 23168K, reserved 1069056K
  class space    used 2698K, capacity 2914K, committed 3200K, reserved 1048576K
Event: 196.836 GC heap after
Heap after GC invocations=80 (full 60):
 PSYoungGen      total 465920K, used 231012K [0x0000000795580000, 0x00000007c0000000, 0x00000007c0000000)
  eden space 232960K, 99% used [0x0000000795580000,0x00000007a37190f0,0x00000007a3900000)
  from space 232960K, 0% used [0x00000007b1c80000,0x00000007b1c80000,0x00000007c0000000)
  to   space 232960K, 0% used [0x00000007a3900000,0x00000007a3900000,0x00000007b1c80000)
 ParOldGen       total 1398272K, used 1398009K [0x0000000740000000, 0x0000000795580000, 0x0000000795580000)
  object space 1398272K, 99% used [0x0000000740000000,0x000000079553e510,0x0000000795580000)
 Metaspace       used 21881K, capacity 22520K, committed 23168K, reserved 1069056K
  class space    used 2696K, capacity 2911K, committed 3200K, reserved 1048576K
}

Deoptimization events (10 events):
Event: 193.331 Thread 0x00007ff348a06000 Uncommon trap: reason=class_check action=maybe_recompile pc=0x00000001035d1b74 method=java.io.BufferedOutputStream.flushBuffer()V @ 20
Event: 193.331 Thread 0x00007ff348a06000 Uncommon trap: reason=class_check action=maybe_recompile pc=0x00000001035d1968 method=java.io.BufferedOutputStream.flush()V @ 8
Event: 193.332 Thread 0x00007ff348a06000 Uncommon trap: reason=class_check action=maybe_recompile pc=0x00000001035d1b74 method=java.io.BufferedOutputStream.flushBuffer()V @ 20
Event: 193.332 Thread 0x00007ff348a06000 Uncommon trap: reason=class_check action=maybe_recompile pc=0x00000001035d1968 method=java.io.BufferedOutputStream.flush()V @ 8
Event: 193.332 Thread 0x00007ff348a06000 Uncommon trap: reason=class_check action=maybe_recompile pc=0x00000001035d1968 method=java.io.BufferedOutputStream.flush()V @ 8
Event: 194.276 Thread 0x00007ff3481c5000 Uncommon trap: reason=range_check action=make_not_entrant pc=0x00000001037ef690 method=java.awt.image.DirectColorModel.setFields()V @ 6
Event: 194.276 Thread 0x00007ff3481c5000 Uncommon trap: reason=range_check action=make_not_entrant pc=0x0000000103802d40 method=java.awt.image.DirectColorModel.getRedMask()I @ 5
Event: 195.004 Thread 0x00007ff347d25800 Uncommon trap: reason=unstable_if action=reinterpret pc=0x00000001037dfa70 method=greenfoot.core.ImageCache.flushImgCacheRefQueue()V @ 9
Event: 195.881 Thread 0x00007ff3481c5000 Uncommon trap: reason=unstable_if action=reinterpret pc=0x0000000103830348 method=sun.java2d.SurfaceData.canRenderParallelograms(Lsun/java2d/SunGraphics2D;)Z @ 91
Event: 195.939 Thread 0x00007ff3481c5000 Uncommon trap: reason=unstable_if action=reinterpret pc=0x0000000102fa4560 method=java.awt.Component.isShowing()Z @ 11

Internal exceptions (10 events):
Event: 134.325 Thread 0x00007ff347d25800 Exception <a 'java/lang/InterruptedException': sleep interrupted> (0x00000007958df658) thrown at [/Users/java_re/workspace/8-2-build-macosx-x86_64/jdk8u111/7883/hotspot/src/share/vm/prims/jvm.cpp, line 3224]
Event: 134.333 Thread 0x00007ff347d25800 Exception <a 'java/lang/InterruptedException': sleep interrupted> (0x00000007958e0928) thrown at [/Users/java_re/workspace/8-2-build-macosx-x86_64/jdk8u111/7883/hotspot/src/share/vm/prims/jvm.cpp, line 3224]
Event: 192.462 Thread 0x00007ff348a06000 Exception <a 'java/lang/OutOfMemoryError'> (0x0000000740079940) thrown at [/Users/java_re/workspace/8-2-build-macosx-x86_64/jdk8u111/7883/hotspot/src/share/vm/gc_interface/collectedHeap.inline.hpp, line 170]
Event: 192.463 Thread 0x00007ff348185800 Exception <a 'java/lang/InterruptedException'> (0x00000007a372c910) thrown at [/Users/java_re/workspace/8-2-build-macosx-x86_64/jdk8u111/7883/hotspot/src/share/vm/runtime/objectMonitor.cpp, line 1684]
Event: 193.318 Thread 0x00007ff34ec80000 Exception <a 'java/lang/NoSuchMethodError': <clinit>> (0x00000007a378a5e0) thrown at [/Users/java_re/workspace/8-2-build-macosx-x86_64/jdk8u111/7883/hotspot/src/share/vm/prims/jni.cpp, line 1613]
Event: 194.269 Thread 0x00007ff34ec80000 Exception <a 'java/lang/NoSuchMethodError': <clinit>> (0x00000007a3625858) thrown at [/Users/java_re/workspace/8-2-build-macosx-x86_64/jdk8u111/7883/hotspot/src/share/vm/prims/jni.cpp, line 1613]
Event: 195.028 Thread 0x00007ff348185800 Exception <a 'java/lang/NoSuchMethodError': <clinit>> (0x00000007a37150e0) thrown at [/Users/java_re/workspace/8-2-build-macosx-x86_64/jdk8u111/7883/hotspot/src/share/vm/prims/jni.cpp, line 1613]
Event: 195.891 Thread 0x00007ff348185800 Exception <a 'java/lang/NoSuchMethodError': <clinit>> (0x00000007a371be90) thrown at [/Users/java_re/workspace/8-2-build-macosx-x86_64/jdk8u111/7883/hotspot/src/share/vm/prims/jni.cpp, line 1613]
Event: 196.836 Thread 0x00007ff3481c5000 Exception <a 'java/lang/OutOfMemoryError'> (0x00000007400795c0) thrown at [/Users/java_re/workspace/8-2-build-macosx-x86_64/jdk8u111/7883/hotspot/src/share/vm/gc_interface/collectedHeap.inline.hpp, line 170]
Event: 196.841 Thread 0x00007ff3481c5000 Exception <a 'java/lang/OutOfMemoryError'> (0x00000007400795c0) thrown at [/Users/java_re/workspace/8-2-build-macosx-x86_64/jdk8u111/7883/hotspot/src/share/vm/prims/jni.cpp, line 709]

Events (10 events):
Event: 196.844 Thread 0x00007ff347e40000 DEOPT PACKING pc=0x000000010353b6a4 sp=0x00007000067c0a10
Event: 196.844 Thread 0x00007ff347e40000 DEOPT UNPACKING pc=0x0000000102e05633 sp=0x00007000067c07e8 mode 1
Event: 196.844 Thread 0x00007ff347e40000 DEOPT PACKING pc=0x000000010353b6a4 sp=0x00007000067c0a10
Event: 196.844 Thread 0x00007ff347e40000 DEOPT UNPACKING pc=0x0000000102e05633 sp=0x00007000067c07e8 mode 1
Event: 196.844 Thread 0x00007ff347e40000 DEOPT PACKING pc=0x000000010353b6a4 sp=0x00007000067c0a10
Event: 196.844 Thread 0x00007ff347e40000 DEOPT UNPACKING pc=0x0000000102e05633 sp=0x00007000067c07e8 mode 1
Event: 196.844 Thread 0x00007ff347e40000 DEOPT PACKING pc=0x000000010353b6a4 sp=0x00007000067c0a10
Event: 196.844 Thread 0x00007ff347e40000 DEOPT UNPACKING pc=0x0000000102e05633 sp=0x00007000067c07e8 mode 1
Event: 196.844 Thread 0x00007ff347e40000 DEOPT PACKING pc=0x000000010353b6a4 sp=0x00007000067c0a10
Event: 196.844 Thread 0x00007ff347e40000 DEOPT UNPACKING pc=0x0000000102e05633 sp=0x00007000067c07e8 mode 1


Dynamic libraries:
0x000000000dc65000 	/System/Library/Frameworks/Cocoa.framework/Versions/A/Cocoa
0x000000000dc65000 	/System/Library/Frameworks/Security.framework/Versions/A/Security
0x000000000dc65000 	/System/Library/Frameworks/ApplicationServices.framework/Versions/A/ApplicationServices
0x000000000dc65000 	/usr/lib/libz.1.dylib
0x000000000dc65000 	/usr/lib/libSystem.B.dylib
0x000000000dc65000 	/usr/lib/libobjc.A.dylib
0x000000000dc65000 	/System/Library/Frameworks/CoreFoundation.framework/Versions/A/CoreFoundation
0x000000000dc65000 	/System/Library/Frameworks/Foundation.framework/Versions/C/Foundation
0x000000000dc65000 	/System/Library/Frameworks/AppKit.framework/Versions/C/AppKit
0x000000000dc65000 	/System/Library/Frameworks/CoreData.framework/Versions/A/CoreData
0x000000000dc65000 	/System/Library/PrivateFrameworks/RemoteViewServices.framework/Versions/A/RemoteViewServices
0x000000000dc65000 	/System/Library/PrivateFrameworks/UIFoundation.framework/Versions/A/UIFoundation
0x000000000dc65000 	/System/Library/PrivateFrameworks/DFRFoundation.framework/Versions/A/DFRFoundation
0x000000000dc65000 	/System/Library/Frameworks/Metal.framework/Versions/A/Metal
0x000000000dc65000 	/System/Library/PrivateFrameworks/DesktopServicesPriv.framework/Versions/A/DesktopServicesPriv
0x000000000dc65000 	/usr/lib/libenergytrace.dylib
0x000000000dc65000 	/System/Library/PrivateFrameworks/SkyLight.framework/Versions/A/SkyLight
0x000000000dc65000 	/System/Library/Frameworks/CoreGraphics.framework/Versions/A/CoreGraphics
0x000000000dc65000 	/usr/lib/libScreenReader.dylib
0x000000000dc65000 	/System/Library/Frameworks/Accelerate.framework/Versions/A/Accelerate
0x000000000dc65000 	/System/Library/Frameworks/IOSurface.framework/Versions/A/IOSurface
0x000000000dc65000 	/System/Library/Frameworks/AudioToolbox.framework/Versions/A/AudioToolbox
0x000000000dc65000 	/System/Library/Frameworks/AudioUnit.framework/Versions/A/AudioUnit
0x000000000dc65000 	/System/Library/PrivateFrameworks/DataDetectorsCore.framework/Versions/A/DataDetectorsCore
0x000000000dc65000 	/System/Library/Frameworks/Carbon.framework/Versions/A/Frameworks/HIToolbox.framework/Versions/A/HIToolbox
0x000000000dc65000 	/usr/lib/libicucore.A.dylib
0x000000000dc65000 	/System/Library/Frameworks/QuartzCore.framework/Versions/A/QuartzCore
0x000000000dc65000 	/System/Library/Frameworks/Carbon.framework/Versions/A/Frameworks/SpeechRecognition.framework/Versions/A/SpeechRecognition
0x000000000dc65000 	/usr/lib/libauto.dylib
0x000000000dc65000 	/usr/lib/libxml2.2.dylib
0x000000000dc65000 	/System/Library/PrivateFrameworks/CoreUI.framework/Versions/A/CoreUI
0x000000000dc65000 	/System/Library/Frameworks/CoreAudio.framework/Versions/A/CoreAudio
0x000000000dc65000 	/System/Library/Frameworks/DiskArbitration.framework/Versions/A/DiskArbitration
0x000000000dc65000 	/usr/lib/liblangid.dylib
0x000000000dc65000 	/System/Library/PrivateFrameworks/MultitouchSupport.framework/Versions/A/MultitouchSupport
0x000000000dc65000 	/System/Library/Frameworks/IOKit.framework/Versions/A/IOKit
0x000000000dc65000 	/usr/lib/libDiagnosticMessagesClient.dylib
0x000000000dc65000 	/System/Library/Frameworks/CoreServices.framework/Versions/A/CoreServices
0x000000000dc65000 	/System/Library/PrivateFrameworks/PerformanceAnalysis.framework/Versions/A/PerformanceAnalysis
0x000000000dc65000 	/System/Library/Frameworks/OpenGL.framework/Versions/A/OpenGL
0x000000000dc65000 	/System/Library/Frameworks/ColorSync.framework/Versions/A/ColorSync
0x000000000dc65000 	/System/Library/Frameworks/CoreImage.framework/Versions/A/CoreImage
0x000000000dc65000 	/System/Library/Frameworks/CoreText.framework/Versions/A/CoreText
0x000000000dc65000 	/System/Library/Frameworks/ImageIO.framework/Versions/A/ImageIO
0x000000000dc65000 	/System/Library/PrivateFrameworks/Backup.framework/Versions/A/Backup
0x000000000dc65000 	/usr/lib/libarchive.2.dylib
0x000000000dc65000 	/System/Library/Frameworks/CFNetwork.framework/Versions/A/CFNetwork
0x000000000dc65000 	/System/Library/Frameworks/SystemConfiguration.framework/Versions/A/SystemConfiguration
0x000000000dc65000 	/usr/lib/libCRFSuite.dylib
0x000000000dc65000 	/usr/lib/libc++.1.dylib
0x000000000dc65000 	/usr/lib/libc++abi.dylib
0x000000000dc65000 	/usr/lib/system/libcache.dylib
0x000000000dc65000 	/usr/lib/system/libcommonCrypto.dylib
0x000000000dc65000 	/usr/lib/system/libcompiler_rt.dylib
0x000000000dc65000 	/usr/lib/system/libcopyfile.dylib
0x000000000dc65000 	/usr/lib/system/libcorecrypto.dylib
0x000000000dc65000 	/usr/lib/system/libdispatch.dylib
0x000000000dc65000 	/usr/lib/system/libdyld.dylib
0x000000000dc65000 	/usr/lib/system/libkeymgr.dylib
0x000000000dc65000 	/usr/lib/system/liblaunch.dylib
0x000000000dc65000 	/usr/lib/system/libmacho.dylib
0x000000000dc65000 	/usr/lib/system/libquarantine.dylib
0x000000000dc65000 	/usr/lib/system/libremovefile.dylib
0x000000000dc65000 	/usr/lib/system/libsystem_asl.dylib
0x000000000dc65000 	/usr/lib/system/libsystem_blocks.dylib
0x000000000dc65000 	/usr/lib/system/libsystem_c.dylib
0x000000000dc65000 	/usr/lib/system/libsystem_configuration.dylib
0x000000000dc65000 	/usr/lib/system/libsystem_coreservices.dylib
0x000000000dc65000 	/usr/lib/system/libsystem_darwin.dylib
0x000000000dc65000 	/usr/lib/system/libsystem_dnssd.dylib
0x000000000dc65000 	/usr/lib/system/libsystem_info.dylib
0x000000000dc65000 	/usr/lib/system/libsystem_m.dylib
0x000000000dc65000 	/usr/lib/system/libsystem_malloc.dylib
0x000000000dc65000 	/usr/lib/system/libsystem_network.dylib
0x000000000dc65000 	/usr/lib/system/libsystem_networkextension.dylib
0x000000000dc65000 	/usr/lib/system/libsystem_notify.dylib
0x000000000dc65000 	/usr/lib/system/libsystem_sandbox.dylib
0x000000000dc65000 	/usr/lib/system/libsystem_secinit.dylib
0x000000000dc65000 	/usr/lib/system/libsystem_kernel.dylib
0x000000000dc65000 	/usr/lib/system/libsystem_platform.dylib
0x000000000dc65000 	/usr/lib/system/libsystem_pthread.dylib
0x000000000dc65000 	/usr/lib/system/libsystem_symptoms.dylib
0x000000000dc65000 	/usr/lib/system/libsystem_trace.dylib
0x000000000dc65000 	/usr/lib/system/libunwind.dylib
0x000000000dc65000 	/usr/lib/system/libxpc.dylib
0x000000000dc65000 	/usr/lib/closure/libclosured.dylib
0x000000000dc65000 	/usr/lib/libbsm.0.dylib
0x000000000dc65000 	/usr/lib/system/libkxld.dylib
0x000000000dc65000 	/usr/lib/libOpenScriptingUtil.dylib
0x000000000dc65000 	/usr/lib/libcoretls.dylib
0x000000000dc65000 	/usr/lib/libcoretls_cfhelpers.dylib
0x000000000dc65000 	/usr/lib/libpam.2.dylib
0x000000000dc65000 	/usr/lib/libsqlite3.dylib
0x000000000dc65000 	/usr/lib/libxar.1.dylib
0x000000000dc65000 	/usr/lib/libbz2.1.0.dylib
0x000000000dc65000 	/usr/lib/liblzma.5.dylib
0x000000000dc65000 	/usr/lib/libnetwork.dylib
0x000000000dc65000 	/usr/lib/libapple_nghttp2.dylib
0x000000000dc65000 	/usr/lib/libpcap.A.dylib
0x000000000dc65000 	/usr/lib/libboringssl.dylib
0x000000000dc65000 	/usr/lib/libusrtcp.dylib
0x000000000dc65000 	/usr/lib/libapple_crypto.dylib
0x000000000dc65000 	/System/Library/Frameworks/CoreServices.framework/Versions/A/Frameworks/FSEvents.framework/Versions/A/FSEvents
0x000000000dc65000 	/System/Library/Frameworks/CoreServices.framework/Versions/A/Frameworks/CarbonCore.framework/Versions/A/CarbonCore
0x000000000dc65000 	/System/Library/Frameworks/CoreServices.framework/Versions/A/Frameworks/Metadata.framework/Versions/A/Metadata
0x000000000dc65000 	/System/Library/Frameworks/CoreServices.framework/Versions/A/Frameworks/OSServices.framework/Versions/A/OSServices
0x000000000dc65000 	/System/Library/Frameworks/CoreServices.framework/Versions/A/Frameworks/SearchKit.framework/Versions/A/SearchKit
0x000000000dc65000 	/System/Library/Frameworks/CoreServices.framework/Versions/A/Frameworks/AE.framework/Versions/A/AE
0x000000000dc65000 	/System/Library/Frameworks/CoreServices.framework/Versions/A/Frameworks/LaunchServices.framework/Versions/A/LaunchServices
0x000000000dc65000 	/System/Library/Frameworks/CoreServices.framework/Versions/A/Frameworks/DictionaryServices.framework/Versions/A/DictionaryServices
0x000000000dc65000 	/System/Library/Frameworks/CoreServices.framework/Versions/A/Frameworks/SharedFileList.framework/Versions/A/SharedFileList
0x000000000dc65000 	/System/Library/Frameworks/NetFS.framework/Versions/A/NetFS
0x000000000dc65000 	/System/Library/PrivateFrameworks/NetAuth.framework/Versions/A/NetAuth
0x000000000dc65000 	/System/Library/PrivateFrameworks/login.framework/Versions/A/Frameworks/loginsupport.framework/Versions/A/loginsupport
0x000000000dc65000 	/System/Library/PrivateFrameworks/TCC.framework/Versions/A/TCC
0x000000000dc65000 	/usr/lib/libmecabra.dylib
0x000000000dc65000 	/System/Library/Frameworks/ApplicationServices.framework/Versions/A/Frameworks/ATS.framework/Versions/A/ATS
0x000000000dc65000 	/System/Library/Frameworks/ApplicationServices.framework/Versions/A/Frameworks/ColorSyncLegacy.framework/Versions/A/ColorSyncLegacy
0x000000000dc65000 	/System/Library/Frameworks/ApplicationServices.framework/Versions/A/Frameworks/HIServices.framework/Versions/A/HIServices
0x000000000dc65000 	/System/Library/Frameworks/ApplicationServices.framework/Versions/A/Frameworks/LangAnalysis.framework/Versions/A/LangAnalysis
0x000000000dc65000 	/System/Library/Frameworks/ApplicationServices.framework/Versions/A/Frameworks/PrintCore.framework/Versions/A/PrintCore
0x000000000dc65000 	/System/Library/Frameworks/ApplicationServices.framework/Versions/A/Frameworks/QD.framework/Versions/A/QD
0x000000000dc65000 	/System/Library/Frameworks/ApplicationServices.framework/Versions/A/Frameworks/SpeechSynthesis.framework/Versions/A/SpeechSynthesis
0x000000000dc65000 	/System/Library/Frameworks/CoreDisplay.framework/Versions/A/CoreDisplay
0x000000000dc65000 	/System/Library/Frameworks/Accelerate.framework/Versions/A/Frameworks/vImage.framework/Versions/A/vImage
0x000000000dc65000 	/System/Library/Frameworks/Accelerate.framework/Versions/A/Frameworks/vecLib.framework/Versions/A/vecLib
0x000000000dc65000 	/System/Library/Frameworks/Accelerate.framework/Versions/A/Frameworks/vecLib.framework/Versions/A/libvDSP.dylib
0x000000000dc65000 	/System/Library/Frameworks/Accelerate.framework/Versions/A/Frameworks/vecLib.framework/Versions/A/libBNNS.dylib
0x000000000dc65000 	/System/Library/Frameworks/Accelerate.framework/Versions/A/Frameworks/vecLib.framework/Versions/A/libQuadrature.dylib
0x000000000dc65000 	/System/Library/Frameworks/Accelerate.framework/Versions/A/Frameworks/vecLib.framework/Versions/A/libvMisc.dylib
0x000000000dc65000 	/System/Library/Frameworks/Accelerate.framework/Versions/A/Frameworks/vecLib.framework/Versions/A/libLAPACK.dylib
0x000000000dc65000 	/System/Library/Frameworks/Accelerate.framework/Versions/A/Frameworks/vecLib.framework/Versions/A/libBLAS.dylib
0x000000000dc65000 	/System/Library/Frameworks/Accelerate.framework/Versions/A/Frameworks/vecLib.framework/Versions/A/libLinearAlgebra.dylib
0x000000000dc65000 	/System/Library/Frameworks/Accelerate.framework/Versions/A/Frameworks/vecLib.framework/Versions/A/libSparse.dylib
0x000000000dc65000 	/System/Library/Frameworks/Accelerate.framework/Versions/A/Frameworks/vecLib.framework/Versions/A/libSparseBLAS.dylib
0x000000000dc65000 	/System/Library/PrivateFrameworks/IOAccelerator.framework/Versions/A/IOAccelerator
0x000000000dc65000 	/System/Library/PrivateFrameworks/IOPresentment.framework/Versions/A/IOPresentment
0x000000000dc65000 	/System/Library/PrivateFrameworks/DSExternalDisplay.framework/Versions/A/DSExternalDisplay
0x000000000dc65000 	/System/Library/Frameworks/OpenGL.framework/Versions/A/Libraries/libCoreFSCache.dylib
0x000000000dc65000 	/System/Library/Frameworks/CoreVideo.framework/Versions/A/CoreVideo
0x000000000dc65000 	/System/Library/PrivateFrameworks/GraphVisualizer.framework/Versions/A/GraphVisualizer
0x000000000dc65000 	/System/Library/Frameworks/MetalPerformanceShaders.framework/Versions/A/MetalPerformanceShaders
0x000000000dc65000 	/usr/lib/libFosl_dynamic.dylib
0x000000000dc65000 	/System/Library/PrivateFrameworks/FaceCore.framework/Versions/A/FaceCore
0x000000000dc65000 	/System/Library/Frameworks/OpenCL.framework/Versions/A/OpenCL
0x000000000dc65000 	/usr/lib/libcompression.dylib
0x000000000dc65000 	/System/Library/Frameworks/ApplicationServices.framework/Versions/A/Frameworks/ATS.framework/Versions/A/Resources/libFontParser.dylib
0x000000000dc65000 	/System/Library/Frameworks/ApplicationServices.framework/Versions/A/Frameworks/ATS.framework/Versions/A/Resources/libFontRegistry.dylib
0x000000000dc65000 	/System/Library/Frameworks/ImageIO.framework/Versions/A/Resources/libJPEG.dylib
0x000000000dc65000 	/System/Library/Frameworks/ImageIO.framework/Versions/A/Resources/libTIFF.dylib
0x000000000dc65000 	/System/Library/Frameworks/ImageIO.framework/Versions/A/Resources/libPng.dylib
0x000000000dc65000 	/System/Library/Frameworks/ImageIO.framework/Versions/A/Resources/libGIF.dylib
0x000000000dc65000 	/System/Library/Frameworks/ImageIO.framework/Versions/A/Resources/libJP2.dylib
0x000000000dc65000 	/System/Library/Frameworks/ImageIO.framework/Versions/A/Resources/libRadiance.dylib
0x000000000dc65000 	/System/Library/PrivateFrameworks/AppleJPEG.framework/Versions/A/AppleJPEG
0x000000000dc65000 	/System/Library/PrivateFrameworks/MetalTools.framework/Versions/A/MetalTools
0x000000000dc65000 	/System/Library/Frameworks/MetalPerformanceShaders.framework/Frameworks/MPSCore.framework/Versions/A/MPSCore
0x000000000dc65000 	/System/Library/Frameworks/MetalPerformanceShaders.framework/Frameworks/MPSImage.framework/Versions/A/MPSImage
0x000000000dc65000 	/System/Library/Frameworks/MetalPerformanceShaders.framework/Frameworks/MPSMatrix.framework/Versions/A/MPSMatrix
0x000000000dc65000 	/System/Library/Frameworks/MetalPerformanceShaders.framework/Frameworks/MPSNeuralNetwork.framework/Versions/A/MPSNeuralNetwork
0x000000000dc65000 	/System/Library/Frameworks/OpenGL.framework/Versions/A/Libraries/libGLU.dylib
0x000000000dc65000 	/System/Library/Frameworks/OpenGL.framework/Versions/A/Libraries/libGFXShared.dylib
0x000000000dc65000 	/System/Library/Frameworks/OpenGL.framework/Versions/A/Libraries/libGL.dylib
0x000000000dc65000 	/System/Library/Frameworks/OpenGL.framework/Versions/A/Libraries/libGLImage.dylib
0x000000000dc65000 	/System/Library/Frameworks/OpenGL.framework/Versions/A/Libraries/libCVMSPluginSupport.dylib
0x000000000dc65000 	/System/Library/Frameworks/OpenGL.framework/Versions/A/Libraries/libCoreVMClient.dylib
0x000000000dc65000 	/usr/lib/libcups.2.dylib
0x000000000dc65000 	/System/Library/Frameworks/Kerberos.framework/Versions/A/Kerberos
0x000000000dc65000 	/System/Library/Frameworks/GSS.framework/Versions/A/GSS
0x000000000dc65000 	/usr/lib/libresolv.9.dylib
0x000000000dc65000 	/usr/lib/libiconv.2.dylib
0x000000000dc65000 	/System/Library/PrivateFrameworks/Heimdal.framework/Versions/A/Heimdal
0x000000000dc65000 	/usr/lib/libheimdal-asn1.dylib
0x000000000dc65000 	/System/Library/Frameworks/OpenDirectory.framework/Versions/A/OpenDirectory
0x000000000dc65000 	/System/Library/PrivateFrameworks/CommonAuth.framework/Versions/A/CommonAuth
0x000000000dc65000 	/System/Library/Frameworks/OpenDirectory.framework/Versions/A/Frameworks/CFOpenDirectory.framework/Versions/A/CFOpenDirectory
0x000000000dc65000 	/System/Library/Frameworks/SecurityFoundation.framework/Versions/A/SecurityFoundation
0x000000000dc65000 	/System/Library/PrivateFrameworks/APFS.framework/Versions/A/APFS
0x000000000dc65000 	/usr/lib/libutil.dylib
0x000000000dc65000 	/System/Library/PrivateFrameworks/AppleSauce.framework/Versions/A/AppleSauce
0x000000000dc65000 	/System/Library/PrivateFrameworks/LinguisticData.framework/Versions/A/LinguisticData
0x000000000dc65000 	/usr/lib/libmarisa.dylib
0x000000000dc65000 	/System/Library/PrivateFrameworks/Lexicon.framework/Versions/A/Lexicon
0x000000000dc65000 	/usr/lib/libChineseTokenizer.dylib
0x000000000dc65000 	/usr/lib/libcmph.dylib
0x000000000dc65000 	/System/Library/PrivateFrameworks/LanguageModeling.framework/Versions/A/LanguageModeling
0x000000000dc65000 	/System/Library/PrivateFrameworks/CoreEmoji.framework/Versions/A/CoreEmoji
0x000000000dc65000 	/System/Library/Frameworks/ServiceManagement.framework/Versions/A/ServiceManagement
0x000000000dc65000 	/System/Library/PrivateFrameworks/BackgroundTaskManagement.framework/Versions/A/BackgroundTaskManagement
0x000000000dc65000 	/usr/lib/libxslt.1.dylib
0x000000000dc65000 	/System/Library/Frameworks/Carbon.framework/Versions/A/Frameworks/Ink.framework/Versions/A/Ink
0x000000000dc65000 	/System/Library/PrivateFrameworks/TextureIO.framework/Versions/A/TextureIO
0x000000000dc65000 	/usr/lib/libate.dylib
0x000000000dc65000 	/System/Library/PrivateFrameworks/CrashReporterSupport.framework/Versions/A/CrashReporterSupport
0x000000000dc65000 	/System/Library/PrivateFrameworks/Sharing.framework/Versions/A/Sharing
0x000000000dc65000 	/System/Library/PrivateFrameworks/IconServices.framework/Versions/A/IconServices
0x000000000dc65000 	/System/Library/PrivateFrameworks/ProtocolBuffer.framework/Versions/A/ProtocolBuffer
0x000000000dc65000 	/System/Library/PrivateFrameworks/Apple80211.framework/Versions/A/Apple80211
0x000000000dc65000 	/System/Library/Frameworks/CoreWLAN.framework/Versions/A/CoreWLAN
0x000000000dc65000 	/System/Library/PrivateFrameworks/CoreUtils.framework/Versions/A/CoreUtils
0x000000000dc65000 	/System/Library/Frameworks/IOBluetooth.framework/Versions/A/IOBluetooth
0x000000000dc65000 	/System/Library/PrivateFrameworks/CoreWiFi.framework/Versions/A/CoreWiFi
0x000000000dc65000 	/System/Library/Frameworks/CoreBluetooth.framework/Versions/A/CoreBluetooth
0x000000000dc65000 	/System/Library/PrivateFrameworks/SignpostNotification.framework/Versions/A/SignpostNotification
0x000000000dc65000 	/System/Library/PrivateFrameworks/DebugSymbols.framework/Versions/A/DebugSymbols
0x000000000dc65000 	/System/Library/PrivateFrameworks/CoreSymbolication.framework/Versions/A/CoreSymbolication
0x000000000dc65000 	/System/Library/PrivateFrameworks/Symbolication.framework/Versions/A/Symbolication
0x000000000dc65000 	/System/Library/PrivateFrameworks/AppleFSCompression.framework/Versions/A/AppleFSCompression
0x000000000dc65000 	/System/Library/PrivateFrameworks/SpeechRecognitionCore.framework/Versions/A/SpeechRecognitionCore
0x0000000101e1d000 	/private/var/folders/9l/1w0ylhsn5dzf2sy1t020f3qr0000gn/T/AppTranslocation/11095F3E-8E7E-4BB1-BFD3-32215CB40DB6/d/Greenfoot.app/Contents/JDK/Home/jre/lib/server/libjvm.dylib
0x000000000dc65000 	/usr/lib/libstdc++.6.0.9.dylib
0x0000000100d79000 	/private/var/folders/9l/1w0ylhsn5dzf2sy1t020f3qr0000gn/T/AppTranslocation/11095F3E-8E7E-4BB1-BFD3-32215CB40DB6/d/Greenfoot.app/Contents/JDK/Home/jre/lib/libverify.dylib
0x0000000100d87000 	/private/var/folders/9l/1w0ylhsn5dzf2sy1t020f3qr0000gn/T/AppTranslocation/11095F3E-8E7E-4BB1-BFD3-32215CB40DB6/d/Greenfoot.app/Contents/JDK/Home/jre/lib/libjava.dylib
0x0000000101600000 	/private/var/folders/9l/1w0ylhsn5dzf2sy1t020f3qr0000gn/T/AppTranslocation/11095F3E-8E7E-4BB1-BFD3-32215CB40DB6/d/Greenfoot.app/Contents/JDK/Home/jre/lib/libjdwp.dylib
0x0000000100dbd000 	/private/var/folders/9l/1w0ylhsn5dzf2sy1t020f3qr0000gn/T/AppTranslocation/11095F3E-8E7E-4BB1-BFD3-32215CB40DB6/d/Greenfoot.app/Contents/JDK/Home/jre/lib/libnpt.dylib
0x0000000100dca000 	/private/var/folders/9l/1w0ylhsn5dzf2sy1t020f3qr0000gn/T/AppTranslocation/11095F3E-8E7E-4BB1-BFD3-32215CB40DB6/d/Greenfoot.app/Contents/JDK/Home/jre/lib/libzip.dylib
0x000000000dc65000 	/System/Library/Frameworks/JavaVM.framework/Versions/A/Frameworks/JavaRuntimeSupport.framework/Versions/A/JavaRuntimeSupport
0x000000000dc65000 	/System/Library/Frameworks/JavaVM.framework/Versions/A/Frameworks/JavaNativeFoundation.framework/Versions/A/JavaNativeFoundation
0x000000000dc65000 	/System/Library/Frameworks/JavaVM.framework/Versions/A/JavaVM
0x000000000dc65000 	/System/Library/Frameworks/Carbon.framework/Versions/A/Carbon
0x000000000dc65000 	/System/Library/PrivateFrameworks/JavaLaunching.framework/Versions/A/JavaLaunching
0x000000000dc65000 	/System/Library/Frameworks/Carbon.framework/Versions/A/Frameworks/CommonPanels.framework/Versions/A/CommonPanels
0x000000000dc65000 	/System/Library/Frameworks/Carbon.framework/Versions/A/Frameworks/Help.framework/Versions/A/Help
0x000000000dc65000 	/System/Library/Frameworks/Carbon.framework/Versions/A/Frameworks/ImageCapture.framework/Versions/A/ImageCapture
0x000000000dc65000 	/System/Library/Frameworks/Carbon.framework/Versions/A/Frameworks/OpenScripting.framework/Versions/A/OpenScripting
0x000000000dc65000 	/System/Library/Frameworks/Carbon.framework/Versions/A/Frameworks/Print.framework/Versions/A/Print
0x000000000dc65000 	/System/Library/Frameworks/Carbon.framework/Versions/A/Frameworks/SecurityHI.framework/Versions/A/SecurityHI
0x00000001199cc000 	/private/var/folders/9l/1w0ylhsn5dzf2sy1t020f3qr0000gn/T/AppTranslocation/11095F3E-8E7E-4BB1-BFD3-32215CB40DB6/d/Greenfoot.app/Contents/JDK/Home/jre/lib/libdt_socket.dylib
0x00000001199fe000 	/private/var/folders/9l/1w0ylhsn5dzf2sy1t020f3qr0000gn/T/AppTranslocation/11095F3E-8E7E-4BB1-BFD3-32215CB40DB6/d/Greenfoot.app/Contents/JDK/Home/jre/lib/libawt.dylib
0x0000000119aa6000 	/private/var/folders/9l/1w0ylhsn5dzf2sy1t020f3qr0000gn/T/AppTranslocation/11095F3E-8E7E-4BB1-BFD3-32215CB40DB6/d/Greenfoot.app/Contents/JDK/Home/jre/lib/./libmlib_image.dylib
0x0000000119b72000 	/private/var/folders/9l/1w0ylhsn5dzf2sy1t020f3qr0000gn/T/AppTranslocation/11095F3E-8E7E-4BB1-BFD3-32215CB40DB6/d/Greenfoot.app/Contents/JDK/Home/jre/lib/libawt_lwawt.dylib
0x0000000119c27000 	/private/var/folders/9l/1w0ylhsn5dzf2sy1t020f3qr0000gn/T/AppTranslocation/11095F3E-8E7E-4BB1-BFD3-32215CB40DB6/d/Greenfoot.app/Contents/JDK/Home/jre/lib/./libosxapp.dylib
0x000000000dc65000 	/System/Library/Frameworks/ExceptionHandling.framework/Versions/A/ExceptionHandling
0x000000000dc65000 	/System/Library/PrivateFrameworks/CoreServicesInternal.framework/Versions/A/CoreServicesInternal
0x000000000dc65000 	/System/Library/CoreServices/RawCamera.bundle/Contents/MacOS/RawCamera
0x000000000dc65000 	/System/Library/PrivateFrameworks/MobileAsset.framework/Versions/A/MobileAsset
0x000000000dc65000 	/System/Library/PrivateFrameworks/StreamingZip.framework/Versions/A/StreamingZip
0x000000000dc65000 	/System/Library/Frameworks/MediaToolbox.framework/Versions/A/MediaToolbox
0x000000000dc65000 	/System/Library/PrivateFrameworks/CoreAVCHD.framework/Versions/A/CoreAVCHD
0x000000000dc65000 	/System/Library/Frameworks/MediaAccessibility.framework/Versions/A/MediaAccessibility
0x000000000dc65000 	/System/Library/PrivateFrameworks/Mangrove.framework/Versions/A/Mangrove
0x000000000dc65000 	/System/Library/Frameworks/CoreMedia.framework/Versions/A/CoreMedia
0x000000000dc65000 	/System/Library/Frameworks/VideoToolbox.framework/Versions/A/VideoToolbox
0x000000000dc65000 	/System/Library/PrivateFrameworks/CoreAUC.framework/Versions/A/CoreAUC
0x000000000dc65000 	/usr/lib/libspindump.dylib
0x000000000dc65000 	/usr/lib/libdscsym.dylib
0x000000000dc65000 	/System/Library/PrivateFrameworks/AppleVA.framework/Versions/A/AppleVA
0x000000000dc65000 	/System/Library/Frameworks/Accelerate.framework/Versions/A/Frameworks/vImage.framework/Versions/A/Libraries/libCGInterfaces.dylib
0x000000000dc65000 	/System/Library/Frameworks/ApplicationServices.framework/Versions/A/Frameworks/ATS.framework/Versions/A/Resources/libTrueTypeScaler.dylib
0x000000000dc65000 	/System/Library/Frameworks/OpenGL.framework/Versions/A/Resources/GLEngine.bundle/GLEngine
0x000000000dc65000 	/System/Library/Frameworks/OpenGL.framework/Versions/A/Libraries/libGLProgrammability.dylib
0x000000011ba30000 	/System/Library/Extensions/AppleIntelKBLGraphicsGLDriver.bundle/Contents/MacOS/AppleIntelKBLGraphicsGLDriver
0x000000000dc65000 	/System/Library/PrivateFrameworks/GPUSupport.framework/Versions/A/Libraries/libGPUSupportMercury.dylib
0x000000000dc65000 	/System/Library/Frameworks/OpenGL.framework/Versions/A/Resources/GLRendererFloat.bundle/GLRendererFloat
0x000000000dc65000 	/System/Library/Frameworks/OpenCL.framework/Versions/A/Libraries/libcldcpuengine.dylib
0x000000000dc65000 	/usr/lib/libcrypto.35.dylib
0x000000000dc65000 	/System/Library/PrivateFrameworks/TrustEvaluationAgent.framework/Versions/A/TrustEvaluationAgent
0x000000000dc65000 	/System/Library/Extensions/AppleIntelKBLGraphicsMTLDriver.bundle/Contents/MacOS/AppleIntelKBLGraphicsMTLDriver
0x000000000dc65000 	/System/Library/PrivateFrameworks/GPUCompiler.framework/Versions/3802/Libraries/libmetal_timestamp.dylib
0x000000000dc65000 	/System/Library/PrivateFrameworks/FamilyControls.framework/Versions/A/FamilyControls
0x000000000dc65000 	/System/Library/PrivateFrameworks/CommerceKit.framework/Versions/A/Frameworks/CommerceCore.framework/Versions/A/CommerceCore
0x000000000dc65000 	/System/Library/PrivateFrameworks/SystemAdministration.framework/Versions/A/SystemAdministration
0x000000000dc65000 	/System/Library/PrivateFrameworks/AppContainer.framework/Versions/A/AppContainer
0x000000000dc65000 	/System/Library/PrivateFrameworks/SecCodeWrapper.framework/Versions/A/SecCodeWrapper
0x000000000dc65000 	/System/Library/PrivateFrameworks/DiskManagement.framework/Versions/A/DiskManagement
0x000000000dc65000 	/System/Library/Frameworks/DirectoryService.framework/Versions/A/DirectoryService
0x000000000dc65000 	/System/Library/PrivateFrameworks/DiskImages.framework/Versions/A/DiskImages
0x000000000dc65000 	/System/Library/PrivateFrameworks/LoginUIKit.framework/Versions/A/Frameworks/LoginUICore.framework/Versions/A/LoginUICore
0x000000000dc65000 	/usr/lib/libCoreStorage.dylib
0x000000000dc65000 	/usr/lib/libcsfde.dylib
0x000000000dc65000 	/usr/lib/libodfde.dylib
0x000000000dc65000 	/System/Library/PrivateFrameworks/MediaKit.framework/Versions/A/MediaKit
0x000000000dc65000 	/System/Library/Frameworks/DiscRecording.framework/Versions/A/DiscRecording
0x000000000dc65000 	/System/Library/PrivateFrameworks/EFILogin.framework/Versions/A/EFILogin
0x000000000dc65000 	/System/Library/PrivateFrameworks/ProtectedCloudStorage.framework/Versions/A/ProtectedCloudStorage
0x000000000dc65000 	/usr/lib/libcurl.4.dylib
0x000000000dc65000 	/usr/lib/libssl.35.dylib
0x000000000dc65000 	/System/Library/Frameworks/LDAP.framework/Versions/A/LDAP
0x000000000dc65000 	/usr/lib/libsasl2.2.dylib
0x000000000dc65000 	/System/Library/PrivateFrameworks/CoreDaemon.framework/Versions/B/CoreDaemon
0x000000000dc65000 	/System/Library/PrivateFrameworks/AppleSRP.framework/Versions/A/AppleSRP
0x000000011cfcd000 	/private/var/folders/9l/1w0ylhsn5dzf2sy1t020f3qr0000gn/T/AppTranslocation/11095F3E-8E7E-4BB1-BFD3-32215CB40DB6/d/Greenfoot.app/Contents/JDK/Home/jre/lib/libfontmanager.dylib
0x000000011d09c000 	/private/var/folders/9l/1w0ylhsn5dzf2sy1t020f3qr0000gn/T/AppTranslocation/11095F3E-8E7E-4BB1-BFD3-32215CB40DB6/d/Greenfoot.app/Contents/JDK/Home/jre/lib/libnet.dylib
0x000000011d998000 	/private/var/folders/9l/1w0ylhsn5dzf2sy1t020f3qr0000gn/T/AppTranslocation/11095F3E-8E7E-4BB1-BFD3-32215CB40DB6/d/Greenfoot.app/Contents/JDK/Home/jre/lib/libnio.dylib
0x000000011d9a8000 	/private/var/folders/9l/1w0ylhsn5dzf2sy1t020f3qr0000gn/T/AppTranslocation/11095F3E-8E7E-4BB1-BFD3-32215CB40DB6/d/Greenfoot.app/Contents/JDK/Home/jre/lib/libprism_es2.dylib
0x000000011e268000 	/private/var/folders/9l/1w0ylhsn5dzf2sy1t020f3qr0000gn/T/AppTranslocation/11095F3E-8E7E-4BB1-BFD3-32215CB40DB6/d/Greenfoot.app/Contents/JDK/Home/jre/lib/libglass.dylib
0x000000011da79000 	/private/var/folders/9l/1w0ylhsn5dzf2sy1t020f3qr0000gn/T/AppTranslocation/11095F3E-8E7E-4BB1-BFD3-32215CB40DB6/d/Greenfoot.app/Contents/JDK/Home/jre/lib/libosxui.dylib
0x000000011fff8000 	/private/var/folders/9l/1w0ylhsn5dzf2sy1t020f3qr0000gn/T/AppTranslocation/11095F3E-8E7E-4BB1-BFD3-32215CB40DB6/d/Greenfoot.app/Contents/JDK/Home/jre/lib/libjsound.dylib
0x000000000dc65000 	/System/Library/Frameworks/CoreMIDI.framework/Versions/A/CoreMIDI
0x000000000dc65000 	/usr/lib/libexpat.1.dylib
0x000000012000b000 	/System/Library/Extensions/AppleHDA.kext/Contents/PlugIns/AppleHDAHALPlugIn.bundle/Contents/MacOS/AppleHDAHALPlugIn
0x000000014f3ce000 	/private/var/folders/9l/1w0ylhsn5dzf2sy1t020f3qr0000gn/T/AppTranslocation/11095F3E-8E7E-4BB1-BFD3-32215CB40DB6/d/Greenfoot.app/Contents/JDK/Home/jre/lib/libdcpr.dylib
0x000000014ebc1000 	/System/Library/Components/CoreAudio.component/Contents/MacOS/CoreAudio
0x000000000dc65000 	/System/Library/PrivateFrameworks/ViewBridge.framework/Versions/A/ViewBridge
0x000000014eb5a000 	/private/var/folders/9l/1w0ylhsn5dzf2sy1t020f3qr0000gn/T/AppTranslocation/11095F3E-8E7E-4BB1-BFD3-32215CB40DB6/d/Greenfoot.app/Contents/JDK/Home/jre/lib/liblcms.dylib

VM Arguments:
jvm_args: -Dawt.useSystemAAFontSettings=on -XX:MaxGCPauseMillis=50 -agentlib:jdwp=transport=dt_socket,address=127.0.0.1:60459 -Dfile.encoding=UTF-8 
java_command: bluej.runtime.ExecServer UTF-8
java_class_path (initial): /private/var/folders/9l/1w0ylhsn5dzf2sy1t020f3qr0000gn/T/AppTranslocation/11095F3E-8E7E-4BB1-BFD3-32215CB40DB6/d/Greenfoot.app/Contents/Resources/Java/extensions/greenfoot.jar:/private/var/folders/9l/1w0ylhsn5dzf2sy1t020f3qr0000gn/T/AppTranslocation/11095F3E-8E7E-4BB1-BFD3-32215CB40DB6/d/Greenfoot.app/Contents/Resources/Java/bluejcore.jar:/private/var/folders/9l/1w0ylhsn5dzf2sy1t020f3qr0000gn/T/AppTranslocation/11095F3E-8E7E-4BB1-BFD3-32215CB40DB6/d/Greenfoot.app/Contents/Resources/Java/bluejeditor.jar:/private/var/folders/9l/1w0ylhsn5dzf2sy1t020f3qr0000gn/T/AppTranslocation/11095F3E-8E7E-4BB1-BFD3-32215CB40DB6/d/Greenfoot.app/Contents/Resources/Java/bluejext.jar:/private/var/folders/9l/1w0ylhsn5dzf2sy1t020f3qr0000gn/T/AppTranslocation/11095F3E-8E7E-4BB1-BFD3-32215CB40DB6/d/Greenfoot.app/Contents/Resources/Java/AppleJavaExtensions.jar:/private/var/folders/9l/1w0ylhsn5dzf2sy1t020f3qr0000gn/T/AppTranslocation/11095F3E-8E7E-4BB1-BFD3-32215CB40DB6/d/Greenfoot.app/Contents/Resources/Java/junit-4.11.jar:/private/var/folders/9l/1w0ylhsn5dzf2sy1t020f3qr0000gn/T/AppTranslocation/11095F3E-8E7E-4BB1-BFD3-32215CB40DB6/d/Greenfoot.app/Contents/Resources/Java/hamcrest-core-1.3.jar:/private/var/folders/9l/1w0ylhsn5dzf2sy1t020f3qr0000gn/T/AppTranslocation/11095F3E-8E7E-4BB1-BFD3-32215CB40DB6/d/Greenfoot.app/Contents/Resources/Java/bluej.jar:/private/var/folders/9l/1w0ylhsn5dzf2sy1t020f3qr0000gn/T/AppTranslocation/11095F3E-8E7E-4BB1-BFD3-32215CB40DB6/d/Greenfoot.app/Contents/Resources/Java/diffutils-1.2.1.jar:/private/var/folders/9l/1w0ylhsn5dzf2sy1t020f3qr0000gn/T/AppTranslocation/11095F3E-8E7E-4BB1-BFD3-32215CB40DB6/d/Greenfoot.app/Contents/Resources/Java/commons-httpclient-3.1.jar:/private/var/folders/9l/1w0ylhsn5dzf2sy1t020f3qr0000gn/T/AppTranslocation/11095F3E-8E7E-4BB1-BFD3-32215CB40DB6/d/Greenfoot.app/Contents/Resources/Java/commons-logging-api-1.1.2.jar:/private/var/folders/9l/1w0ylhsn5dzf2sy1t020f3qr0000gn/T/AppTranslocation/11095F3E-8E7E-4BB1-B
Launcher Type: SUN_STANDARD

Environment Variables:
PATH=/usr/bin:/bin:/usr/sbin:/sbin
SHELL=/bin/bash

Signal Handlers:
SIGSEGV: [libjvm.dylib+0x5b03ed], sa_mask[0]=11111111011111110111111111111111, sa_flags=SA_ONSTACK|SA_RESTART|SA_SIGINFO
SIGBUS: [libjvm.dylib+0x5b03ed], sa_mask[0]=11111111011111110111111111111111, sa_flags=SA_RESTART|SA_SIGINFO
SIGFPE: [libjvm.dylib+0x48711c], sa_mask[0]=11111111011111110111111111111111, sa_flags=SA_RESTART|SA_SIGINFO
SIGPIPE: [libjvm.dylib+0x48711c], sa_mask[0]=11111111011111110111111111111111, sa_flags=SA_RESTART|SA_SIGINFO
SIGXFSZ: [libjvm.dylib+0x48711c], sa_mask[0]=11111111011111110111111111111111, sa_flags=SA_RESTART|SA_SIGINFO
SIGILL: [libjvm.dylib+0x48711c], sa_mask[0]=11111111011111110111111111111111, sa_flags=SA_RESTART|SA_SIGINFO
SIGUSR1: SIG_DFL, sa_mask[0]=00000000000000000000000000000000, sa_flags=none
SIGUSR2: [libjvm.dylib+0x486c3a], sa_mask[0]=00100000000000000000000000000000, sa_flags=SA_RESTART|SA_SIGINFO
SIGHUP: [libjvm.dylib+0x485211], sa_mask[0]=11111111011111110111111111111111, sa_flags=SA_RESTART|SA_SIGINFO
SIGINT: [libjvm.dylib+0x485211], sa_mask[0]=11111111011111110111111111111111, sa_flags=SA_RESTART|SA_SIGINFO
SIGTERM: [libjvm.dylib+0x485211], sa_mask[0]=11111111011111110111111111111111, sa_flags=SA_RESTART|SA_SIGINFO
SIGQUIT: [libjvm.dylib+0x485211], sa_mask[0]=11111111011111110111111111111111, sa_flags=SA_RESTART|SA_SIGINFO


---------------  S Y S T E M  ---------------

OS:Bsduname:Darwin 17.4.0 Darwin Kernel Version 17.4.0: Sun Dec 17 09:19:54 PST 2017; root:xnu-4570.41.2~1/RELEASE_X86_64 x86_64
rlimit: STACK 8192k, CORE 0k, NPROC 709, NOFILE 10240, AS infinity
load average:4.35 2.67 2.25

CPU:total 4 (2 cores per cpu, 2 threads per core) family 6 model 142 stepping 9, cmov, cx8, fxsr, mmx, sse, sse2, sse3, ssse3, sse4.1, sse4.2, popcnt, avx, avx2, aes, clmul, erms, rtm, 3dnowpref, lzcnt, ht, tsc, tscinvbit, bmi1, bmi2, adx

Memory: 4k page, physical 8388608k(23504k free)

/proc/meminfo:


vm_info: Java HotSpot(TM) 64-Bit Server VM (25.111-b14) for bsd-amd64 JRE (1.8.0_111-b14), built on Sep 22 2016 15:31:41 by "java_re" with gcc 4.2.1 (Based on Apple Inc. build 5658) (LLVM build 2336.11.00)

time: Tue Feb 27 21:48:33 2018
elapsed time: 196 seconds (0d 0h 3m 16s)

